<?xml version="1.0" encoding="UTF-8"?>
<!-- Generated by org.testng.reporters.JUnitXMLReporter -->
<testsuite ignored="0" hostname="DESKTOP-5QHFCP6" failures="0" tests="6" name="Command line test" time="0.114" errors="0" timestamp="2022-06-05T13:44:53 GMT-07:00">
  <testcase classname="karanthakur.Mavenjava.AppiumTest" name="IOSApps" time="0.01"/>
  <testcase classname="karanthakur.Mavenjava.AppiumTest" name="NativeAndroid" time="0.001"/>
  <testcase classname="karanthakur.Mavenjava.RestAPITest" name="deleteTwitter" time="0.001"/>
  <testcase classname="karanthakur.Mavenjava.RestAPITest" name="posJira" time="0.0"/>
  <testcase classname="karanthakur.Mavenjava.SeleniumTest" name="BrowserAutomation" time="0.001"/>
  <testcase classname="karanthakur.Mavenjava.SeleniumTest" name="elementUi" time="0.001"/>
</testsuite> <!-- Command line test -->
