<?xml version="1.0" encoding="UTF-8"?>
<!-- Generated by org.testng.reporters.JUnitXMLReporter -->
<testsuite ignored="0" hostname="DESKTOP-5QHFCP6" failures="0" tests="6" name="Test" time="0.59" errors="0" timestamp="2022-07-06T08:08:53 IST">
  <testcase classname="karanthakur.Mavenjava.SeleniumTest" name="BrowserAutomation" time="0.033"/>
  <testcase classname="karanthakur.Mavenjava.SeleniumTest" name="elementUi" time="0.002"/>
  <testcase classname="karanthakur.Mavenjava.AppiumTest" name="IOSApps" time="0.001"/>
  <testcase classname="karanthakur.Mavenjava.AppiumTest" name="NativeAndroid" time="0.003"/>
  <testcase classname="karanthakur.Mavenjava.RestAPITest" name="deleteTwitter" time="0.012"/>
  <testcase classname="karanthakur.Mavenjava.RestAPITest" name="posJira" time="0.021"/>
</testsuite> <!-- Test -->
