<?xml version="1.0" encoding="UTF-8"?>
<testng-results ignored="0" total="6" passed="6" failed="0" skipped="0">
  <reporter-output>
  </reporter-output>
  <suite started-at="2022-07-06T08:08:53 IST" name="Suite" finished-at="2022-07-06T08:08:53 IST" duration-ms="590">
    <groups>
    </groups>
    <test started-at="2022-07-06T08:08:53 IST" name="Test" finished-at="2022-07-06T08:08:53 IST" duration-ms="590">
      <class name="karanthakur.Mavenjava.SeleniumTest">
        <test-method signature="BrowserAutomation()[pri:0, instance:karanthakur.Mavenjava.SeleniumTest@121314f7]" started-at="2022-07-06T08:08:53 IST" name="BrowserAutomation" finished-at="2022-07-06T08:08:53 IST" duration-ms="33" status="PASS">
          <reporter-output>
          </reporter-output>
        </test-method> <!-- BrowserAutomation -->
        <test-method signature="elementUi()[pri:0, instance:karanthakur.Mavenjava.SeleniumTest@121314f7]" started-at="2022-07-06T08:08:53 IST" name="elementUi" finished-at="2022-07-06T08:08:53 IST" duration-ms="2" status="PASS">
          <reporter-output>
          </reporter-output>
        </test-method> <!-- elementUi -->
      </class> <!-- karanthakur.Mavenjava.SeleniumTest -->
      <class name="karanthakur.Mavenjava.AppiumTest">
        <test-method signature="IOSApps()[pri:0, instance:karanthakur.Mavenjava.AppiumTest@18df8434]" started-at="2022-07-06T08:08:53 IST" name="IOSApps" finished-at="2022-07-06T08:08:53 IST" duration-ms="1" status="PASS">
          <reporter-output>
          </reporter-output>
        </test-method> <!-- IOSApps -->
        <test-method signature="NativeAndroid()[pri:0, instance:karanthakur.Mavenjava.AppiumTest@18df8434]" started-at="2022-07-06T08:08:53 IST" name="NativeAndroid" finished-at="2022-07-06T08:08:53 IST" duration-ms="3" status="PASS">
          <reporter-output>
          </reporter-output>
        </test-method> <!-- NativeAndroid -->
      </class> <!-- karanthakur.Mavenjava.AppiumTest -->
      <class name="karanthakur.Mavenjava.RestAPITest">
        <test-method signature="deleteTwitter()[pri:0, instance:karanthakur.Mavenjava.RestAPITest@65c7a252]" started-at="2022-07-06T08:08:53 IST" name="deleteTwitter" finished-at="2022-07-06T08:08:53 IST" duration-ms="12" status="PASS">
          <reporter-output>
          </reporter-output>
        </test-method> <!-- deleteTwitter -->
        <test-method signature="posJira()[pri:0, instance:karanthakur.Mavenjava.RestAPITest@65c7a252]" started-at="2022-07-06T08:08:53 IST" name="posJira" finished-at="2022-07-06T08:08:53 IST" duration-ms="21" status="PASS">
          <reporter-output>
          </reporter-output>
        </test-method> <!-- posJira -->
      </class> <!-- karanthakur.Mavenjava.RestAPITest -->
    </test> <!-- Test -->
  </suite> <!-- Suite -->
</testng-results>
