<?xml version="1.0" encoding="UTF-8"?>
<testsuite xmlns:xsi="http://www.w3.org/2001/XMLSchema-instance" xsi:noNamespaceSchemaLocation="https://maven.apache.org/surefire/maven-surefire-plugin/xsd/surefire-test-report-3.0.xsd" version="3.0" name="TestSuite" time="3.351" tests="6" errors="0" skipped="0" failures="0">
  <properties>
[...]
</properties>
  <testcase name="BrowserAutomation" classname="karanthakur.Mavenjava.SeleniumTest" time="0.032">
    <system-out><![CDATA[browserautomation
]]></system-out>
    <system-err><![CDATA[SLF4J: Failed to load class "org.slf4j.impl.StaticLoggerBinder".
SLF4J: Defaulting to no-operation (NOP) logger implementation
SLF4J: See http://www.slf4j.org/codes.html#StaticLoggerBinder for further details.
]]></system-err>
  </testcase>
  <testcase name="elementUi" classname="karanthakur.Mavenjava.SeleniumTest" time="0.005">
    <system-out><![CDATA[eleemtnui
]]></system-out>
  </testcase>
  <testcase name="IOSApps" classname="karanthakur.Mavenjava.AppiumTest" time="0.005">
    <system-out><![CDATA[IOS apps
]]></system-out>
  </testcase>
  <testcase name="NativeAndroid" classname="karanthakur.Mavenjava.AppiumTest" time="0.011">
    <system-out><![CDATA[Natiove ANDroid
]]></system-out>
  </testcase>
  <testcase name="deleteTwitter" classname="karanthakur.Mavenjava.RestAPITest" time="0.015">
    <system-out><![CDATA[deletetwitter
]]></system-out>
  </testcase>
  <testcase name="posJira" classname="karanthakur.Mavenjava.RestAPITest" time="0.004">
    <system-out><![CDATA[posjira
]]></system-out>
  </testcase>
</testsuite>